=== Experiment config ===
dataset:
  name: dermamnist
  size: 64
  source: npz
  npz_path: ../dermamnist_64.npz
model:
  name: simple_cnn
  in_channels: 3
  num_classes: 7
  pretrained: false
federation:
  num_clients: 10
  num_rounds: 100
  local_epochs: 5
  fraction_fit: 1.0
  fraction_evaluate: 1.0
training:
  lr: 0.01
  momentum: 0.9
  batch_size: 64
  weight_decay: 0.0
loss:
  type: ce
  focal_gamma: 2.0
  weight_strategy: none
augmentation:
  use_weighted_sampler: false
client_objective:
  proximal_mu: 0.0
partition:
  strategy: dirichlet
  alpha: 0.1
  classes_per_client: 2
  quantity_alpha: 0.5
misc:
  seed: 456
  device: cuda
  save_dir: results
  resolved_save_dir: results/fedavg_dir01_E5_s456
_config_stem: fedavg_dir01


=== Completed ===
Experiment: fedavg_dir01_E5_s456
Global: bACC=0.3496 | Macro F1=0.3320 | Worst F1=0.0000 | Melanoma Recall=0.3408
Clients: Avg bACC=0.4930 | Worst bACC=0.1355 | Gap=0.6675
Completed in 4.98 minutes
Job completed: config=configs/fedavg_dir01.yaml seed=456
