=== Experiment config ===
dataset:
  name: dermamnist
  size: 64
  source: npz
  npz_path: ../dermamnist_64.npz
model:
  name: simple_cnn
  in_channels: 3
  num_classes: 7
  pretrained: false
federation:
  num_clients: 10
  num_rounds: 100
  local_epochs: 5
  fraction_fit: 1.0
  fraction_evaluate: 1.0
training:
  lr: 0.01
  momentum: 0.9
  batch_size: 64
  weight_decay: 0.0
loss:
  type: ce
  focal_gamma: 2.0
  weight_strategy: none
augmentation:
  use_weighted_sampler: false
client_objective:
  proximal_mu: 0.0
partition:
  strategy: iid
  alpha: 0.5
  classes_per_client: 2
  quantity_alpha: 0.5
misc:
  seed: 456
  device: cuda
  save_dir: results
  resolved_save_dir: results/fedavg_iid_E5_s456
_config_stem: fedavg_iid


=== Completed ===
Experiment: fedavg_iid_E5_s456
Global: bACC=0.5194 | Macro F1=0.5212 | Worst F1=0.0000 | Melanoma Recall=0.4305
Clients: Avg bACC=0.5147 | Worst bACC=0.4488 | Gap=0.1468
Completed in 4.22 minutes
Job completed: config=configs/fedavg_iid.yaml seed=456
