=== Experiment config ===
dataset:
  name: dermamnist
  size: 64
  source: npz
  npz_path: ../dermamnist_64.npz
model:
  name: simple_cnn
  in_channels: 3
  num_classes: 7
  pretrained: false
federation:
  num_clients: 10
  num_rounds: 100
  local_epochs: 5
  fraction_fit: 1.0
  fraction_evaluate: 1.0
training:
  lr: 0.01
  momentum: 0.9
  batch_size: 64
  weight_decay: 0.0
loss:
  type: ce
  focal_gamma: 2.0
  weight_strategy: none
augmentation:
  use_weighted_sampler: false
client_objective:
  proximal_mu: 0.01
partition:
  strategy: dirichlet
  alpha: 0.1
  classes_per_client: 2
  quantity_alpha: 0.5
misc:
  seed: 42
  device: cuda
  save_dir: results
  resolved_save_dir: results/fedprox_dir01_E5_s42
_config_stem: fedprox_dir01


=== Completed ===
Experiment: fedprox_dir01_E5_s42
Global: bACC=0.4091 | Macro F1=0.4485 | Worst F1=0.2222 | Melanoma Recall=0.4664
Clients: Avg bACC=0.3991 | Worst bACC=0.2500 | Gap=0.3137
Completed in 5.12 minutes
Job completed: config=configs/fedprox_dir01.yaml seed=42
