/home/bk489/federated_clean/.venv/lib/python3.9/site-packages/matplotlib/_fontconfig_pattern.py:64: PyparsingDeprecationWarning: 'oneOf' deprecated - use 'one_of'
  prop = Group((name + Suppress("=") + comma_separated(value)) | oneOf(_CONSTANTS))
/home/bk489/federated_clean/.venv/lib/python3.9/site-packages/matplotlib/_fontconfig_pattern.py:85: PyparsingDeprecationWarning: 'parseString' deprecated - use 'parse_string'
  parse = parser.parseString(pattern)
/home/bk489/federated_clean/.venv/lib/python3.9/site-packages/matplotlib/_fontconfig_pattern.py:89: PyparsingDeprecationWarning: 'resetCache' deprecated - use 'reset_cache'
  parser.resetCache()
/home/bk489/federated_clean/.venv/lib/python3.9/site-packages/matplotlib/_mathtext.py:45: PyparsingDeprecationWarning: 'enablePackrat' deprecated - use 'enable_packrat'
  ParserElement.enablePackrat()
In /home/bk489/federated_clean/.venv/lib/python3.9/site-packages/matplotlib/mpl-data/stylelib/classic.mplstyle: 'parseString' deprecated - use 'parse_string'
In /home/bk489/federated_clean/.venv/lib/python3.9/site-packages/matplotlib/mpl-data/stylelib/classic.mplstyle: 'resetCache' deprecated - use 'reset_cache'
/home/bk489/federated_clean/cleanest_federated/fl-dermamnist-starter/data/visualise.py:71: UserWarning: Tight layout not applied. The bottom and top margins cannot be made large enough to accommodate all Axes decorations.
  fig.tight_layout()
[93mWARNING [0m:   DEPRECATED FEATURE: flwr.simulation.start_simulation() is deprecated.
	Instead, use the `flwr run` CLI command to start a local simulation in your Flower app, as shown for example below:

		$ flwr new  # Create a new Flower app from a template

		$ flwr run  # Run the Flower app in Simulation Mode

	Using `start_simulation()` is deprecated.

            This is a deprecated feature. It will be removed
            entirely in future versions of Flower.
        
[92mINFO [0m:      Starting Flower simulation, config: num_rounds=100, no round_timeout
2026-05-12 19:27:53,784	INFO worker.py:1771 -- Started a local Ray instance.
[92mINFO [0m:      Flower VCE: Ray initialized with resources: {'accelerator_type:A100': 1.0, 'node:__internal_head__': 1.0, 'node:10.43.74.56': 1.0, 'CPU': 128.0, 'memory': 824837704704.0, 'object_store_memory': 200000000000.0, 'GPU': 1.0}
[92mINFO [0m:      Optimize your simulation with Flower VCE: https://flower.ai/docs/framework/how-to-run-simulations.html
[92mINFO [0m:      Flower VCE: Resources for each Virtual Client: {'num_cpus': 1, 'num_gpus': 0.1}
[92mINFO [0m:      Flower VCE: Creating VirtualClientEngineActorPool with 10 actors
[92mINFO [0m:      [INIT]
[92mINFO [0m:      Requesting initial parameters from one random client
[36m(ClientAppActor pid=1077578)[0m /home/bk489/federated_clean/.venv/lib/python3.9/site-packages/matplotlib/_fontconfig_pattern.py:64: PyparsingDeprecationWarning: 'oneOf' deprecated - use 'one_of'
[36m(ClientAppActor pid=1077578)[0m   prop = Group((name + Suppress("=") + comma_separated(value)) | oneOf(_CONSTANTS))
[36m(ClientAppActor pid=1077578)[0m /home/bk489/federated_clean/.venv/lib/python3.9/site-packages/matplotlib/_fontconfig_pattern.py:85: PyparsingDeprecationWarning: 'parseString' deprecated - use 'parse_string'
[36m(ClientAppActor pid=1077578)[0m   parse = parser.parseString(pattern)
[36m(ClientAppActor pid=1077578)[0m /home/bk489/federated_clean/.venv/lib/python3.9/site-packages/matplotlib/_fontconfig_pattern.py:89: PyparsingDeprecationWarning: 'resetCache' deprecated - use 'reset_cache'
[36m(ClientAppActor pid=1077578)[0m   parser.resetCache()
[36m(ClientAppActor pid=1077578)[0m /home/bk489/federated_clean/.venv/lib/python3.9/site-packages/matplotlib/_mathtext.py:45: PyparsingDeprecationWarning: 'enablePackrat' deprecated - use 'enable_packrat'
[36m(ClientAppActor pid=1077578)[0m   ParserElement.enablePackrat()
[36m(ClientAppActor pid=1077578)[0m In /home/bk489/federated_clean/.venv/lib/python3.9/site-packages/matplotlib/mpl-data/stylelib/classic.mplstyle: 'parseString' deprecated - use 'parse_string'
[36m(ClientAppActor pid=1077578)[0m In /home/bk489/federated_clean/.venv/lib/python3.9/site-packages/matplotlib/mpl-data/stylelib/classic.mplstyle: 'resetCache' deprecated - use 'reset_cache'
[36m(ClientAppActor pid=1077578)[0m [93mWARNING [0m:   DEPRECATED FEATURE: `client_fn` now expects a signature `def client_fn(context: Context)`.The provided `client_fn` has signature: {'cid': <Parameter "cid: 'str'">}. You can import the `Context` like this: `from flwr.common import Context`
[36m(ClientAppActor pid=1077578)[0m 
[36m(ClientAppActor pid=1077578)[0m             This is a deprecated feature. It will be removed
[36m(ClientAppActor pid=1077578)[0m             entirely in future versions of Flower.
[36m(ClientAppActor pid=1077578)[0m         
[92mINFO [0m:      Received initial parameters from one random client
[92mINFO [0m:      Starting evaluation of initial global parameters
[92mINFO [0m:      initial parameters (loss, other metrics): 1.9309523649966847, {'accuracy': 0.0518444666001994, 'balanced_accuracy': 0.14285714285714285, 'macro_f1': 0.014082599864590387, 'worst_class_f1': 0.0, 'worst_class_recall': 0.0, 'f1_actinic_keratoses_an': 0.0, 'recall_actinic_keratoses_an': 0.0, 'f1_basal_cell_carcinoma': 0.0985781990521327, 'recall_basal_cell_carcinoma': 1.0, 'f1_benign_keratosis-lik': 0.0, 'recall_benign_keratosis-lik': 0.0, 'f1_dermatofibroma': 0.0, 'recall_dermatofibroma': 0.0, 'f1_melanoma': 0.0, 'recall_melanoma': 0.0, 'f1_melanocytic_nevi': 0.0, 'recall_melanocytic_nevi': 0.0, 'f1_vascular_lesions': 0.0, 'recall_vascular_lesions': 0.0}
[92mINFO [0m:      
[92mINFO [0m:      [ROUND 1]
[92mINFO [0m:      configure_fit: strategy sampled 10 clients (out of 10)
[36m(ClientAppActor pid=1077578)[0m [93mWARNING [0m:   DEPRECATED FEATURE: `client_fn` now expects a signature `def client_fn(context: Context)`.The provided `client_fn` has signature: {'cid': <Parameter "cid: 'str'">}. You can import the `Context` like this: `from flwr.common import Context`
[36m(ClientAppActor pid=1077578)[0m 
[36m(ClientAppActor pid=1077578)[0m             This is a deprecated feature. It will be removed
[36m(ClientAppActor pid=1077578)[0m             entirely in future versions of Flower.
[36m(ClientAppActor pid=1077578)[0m         
[36m(ClientAppActor pid=1077578)[0m /home/bk489/federated_clean/cleanest_federated/fl-dermamnist-starter/data/download.py:27: UserWarning: The given NumPy array is not writable, and PyTorch does not support non-writable tensors. This means writing to this tensor will result in undefined behavior. You may want to copy the array to protect its data or make it writable before converting it to a tensor. This type of warning will be suppressed for the rest of this program. (Triggered internally at /pytorch/torch/csrc/utils/tensor_numpy.cpp:203.)
[36m(ClientAppActor pid=1077578)[0m   tensor = torch.as_tensor(image)
[36m(ClientAppActor pid=1077578)[0m /home/bk489/federated_clean/cleanest_federated/fl-dermamnist-starter/data/download.py:27: UserWarning: The given NumPy array is not writable, and PyTorch does not support non-writable tensors. This means writing to this tensor will result in undefined behavior. You may want to copy the array to protect its data or make it writable before converting it to a tensor. This type of warning will be suppressed for the rest of this program. (Triggered internally at /pytorch/torch/csrc/utils/tensor_numpy.cpp:203.)
[36m(ClientAppActor pid=1077578)[0m   tensor = torch.as_tensor(image)
[36m(ClientAppActor pid=1077578)[0m /home/bk489/federated_clean/cleanest_federated/fl-dermamnist-starter/data/download.py:27: UserWarning: The given NumPy array is not writable, and PyTorch does not support non-writable tensors. This means writing to this tensor will result in undefined behavior. You may want to copy the array to protect its data or make it writable before converting it to a tensor. This type of warning will be suppressed for the rest of this program. (Triggered internally at /pytorch/torch/csrc/utils/tensor_numpy.cpp:203.)
[36m(ClientAppActor pid=1077578)[0m   tensor = torch.as_tensor(image)
[36m(ClientAppActor pid=1077578)[0m /home/bk489/federated_clean/cleanest_federated/fl-dermamnist-starter/data/download.py:27: UserWarning: The given NumPy array is not writable, and PyTorch does not support non-writable tensors. This means writing to this tensor will result in undefined behavior. You may want to copy the array to protect its data or make it writable before converting it to a tensor. This type of warning will be suppressed for the rest of this program. (Triggered internally at /pytorch/torch/csrc/utils/tensor_numpy.cpp:203.)
[36m(ClientAppActor pid=1077578)[0m   tensor = torch.as_tensor(image)
[36m(ClientAppActor pid=1077578)[0m /home/bk489/federated_clean/cleanest_federated/fl-dermamnist-starter/data/download.py:27: UserWarning: The given NumPy array is not writable, and PyTorch does not support non-writable tensors. This means writing to this tensor will result in undefined behavior. You may want to copy the array to protect its data or make it writable before converting it to a tensor. This type of warning will be suppressed for the rest of this program. (Triggered internally at /pytorch/torch/csrc/utils/tensor_numpy.cpp:203.)
[36m(ClientAppActor pid=1077578)[0m   tensor = torch.as_tensor(image)
[36m(ClientAppActor pid=1077578)[0m /home/bk489/federated_clean/cleanest_federated/fl-dermamnist-starter/data/download.py:27: UserWarning: The given NumPy array is not writable, and PyTorch does not support non-writable tensors. This means writing to this tensor will result in undefined behavior. You may want to copy the array to protect its data or make it writable before converting it to a tensor. This type of warning will be suppressed for the rest of this program. (Triggered internally at /pytorch/torch/csrc/utils/tensor_numpy.cpp:203.)
[36m(ClientAppActor pid=1077578)[0m   tensor = torch.as_tensor(image)
[36m(ClientAppActor pid=1077578)[0m /home/bk489/federated_clean/cleanest_federated/fl-dermamnist-starter/data/download.py:27: UserWarning: The given NumPy array is not writable, and PyTorch does not support non-writable tensors. This means writing to this tensor will result in undefined behavior. You may want to copy the array to protect its data or make it writable before converting it to a tensor. This type of warning will be suppressed for the rest of this program. (Triggered internally at /pytorch/torch/csrc/utils/tensor_numpy.cpp:203.)
[36m(ClientAppActor pid=1077578)[0m   tensor = torch.as_tensor(image)
[36m(ClientAppActor pid=1077578)[0m /home/bk489/federated_clean/cleanest_federated/fl-dermamnist-starter/data/download.py:27: UserWarning: The given NumPy array is not writable, and PyTorch does not support non-writable tensors. This means writing to this tensor will result in undefined behavior. You may want to copy the array to protect its data or make it writable before converting it to a tensor. This type of warning will be suppressed for the rest of this program. (Triggered internally at /pytorch/torch/csrc/utils/tensor_numpy.cpp:203.)
[36m(ClientAppActor pid=1077578)[0m   tensor = torch.as_tensor(image)
[36m(ClientAppActor pid=1077578)[0m /home/bk489/federated_clean/cleanest_federated/fl-dermamnist-starter/data/download.py:27: UserWarning: The given NumPy array is not writable, and PyTorch does not support non-writable tensors. This means writing to this tensor will result in undefined behavior. You may want to copy the array to protect its data or make it writable before converting it to a tensor. This type of warning will be suppressed for the rest of this program. (Triggered internally at /pytorch/torch/csrc/utils/tensor_numpy.cpp:203.)
[36m(ClientAppActor pid=1077578)[0m   tensor = torch.as_tensor(image)
[36m(ClientAppActor pid=1077578)[0m /home/bk489/federated_clean/cleanest_federated/fl-dermamnist-starter/data/download.py:27: UserWarning: The given NumPy array is not writable, and PyTorch does not support non-writable tensors. This means writing to this tensor will result in undefined behavior. You may want to copy the array to protect its data or make it writable before converting it to a tensor. This type of warning will be suppressed for the rest of this program. (Triggered internally at /pytorch/torch/csrc/utils/tensor_numpy.cpp:203.)
[36m(ClientAppActor pid=1077578)[0m   tensor = torch.as_tensor(image)
[36m(ClientAppActor pid=1077567)[0m 
[36m(ClientAppActor pid=1077567)[0m         
[36m(ClientAppActor pid=1077574)[0m 
[36m(ClientAppActor pid=1077574)[0m         
[36m(ClientAppActor pid=1077570)[0m 
[36m(ClientAppActor pid=1077570)[0m         
[36m(ClientAppActor pid=1077569)[0m 
[36m(ClientAppActor pid=1077569)[0m         
[36m(ClientAppActor pid=1077558)[0m 
[36m(ClientAppActor pid=1077558)[0m         
[36m(ClientAppActor pid=1077557)[0m 
[36m(ClientAppActor pid=1077557)[0m         
[36m(ClientAppActor pid=1077575)[0m 
[36m(ClientAppActor pid=1077575)[0m         
[36m(ClientAppActor pid=1077566)[0m 
[36m(ClientAppActor pid=1077566)[0m         
[36m(ClientAppActor pid=1077565)[0m 
[36m(ClientAppActor pid=1077565)[0m         
[36m(ClientAppActor pid=1077565)[0m /home/bk489/federated_clean/.venv/lib/python3.9/site-packages/matplotlib/_fontconfig_pattern.py:64: PyparsingDeprecationWarning: 'oneOf' deprecated - use 'one_of'[32m [repeated 9x across cluster] (Ray deduplicates logs by default. Set RAY_DEDUP_LOGS=0 to disable log deduplication, or see https://docs.ray.io/en/master/ray-observability/user-guides/configure-logging.html#log-deduplication for more options.)[0m
[36m(ClientAppActor pid=1077565)[0m   prop = Group((name + Suppress("=") + comma_separated(value)) | oneOf(_CONSTANTS))[32m [repeated 9x across cluster][0m
[36m(ClientAppActor pid=1077565)[0m /home/bk489/federated_clean/.venv/lib/python3.9/site-packages/matplotlib/_fontconfig_pattern.py:85: PyparsingDeprecationWarning: 'parseString' deprecated - use 'parse_string'[32m [repeated 9x across cluster][0m
[36m(ClientAppActor pid=1077565)[0m   parse = parser.parseString(pattern)[32m [repeated 9x across cluster][0m
[36m(ClientAppActor pid=1077565)[0m /home/bk489/federated_clean/.venv/lib/python3.9/site-packages/matplotlib/_fontconfig_pattern.py:89: PyparsingDeprecationWarning: 'resetCache' deprecated - use 'reset_cache'[32m [repeated 9x across cluster][0m
[36m(ClientAppActor pid=1077565)[0m   parser.resetCache()[32m [repeated 9x across cluster][0m
[36m(ClientAppActor pid=1077557)[0m /home/bk489/federated_clean/.venv/lib/python3.9/site-packages/matplotlib/_mathtext.py:45: PyparsingDeprecationWarning: 'enablePackrat' deprecated - use 'enable_packrat'[32m [repeated 9x across cluster][0m
[36m(ClientAppActor pid=1077557)[0m   ParserElement.enablePackrat()[32m [repeated 9x across cluster][0m
[36m(ClientAppActor pid=1077566)[0m In /home/bk489/federated_clean/.venv/lib/python3.9/site-packages/matplotlib/mpl-data/stylelib/classic.mplstyle: 'parseString' deprecated - use 'parse_string'[32m [repeated 9x across cluster][0m
[36m(ClientAppActor pid=1077566)[0m In /home/bk489/federated_clean/.venv/lib/python3.9/site-packages/matplotlib/mpl-data/stylelib/classic.mplstyle: 'resetCache' deprecated - use 'reset_cache'[32m [repeated 9x across cluster][0m
[36m(ClientAppActor pid=1077565)[0m [93mWARNING [0m:   DEPRECATED FEATURE: `client_fn` now expects a signature `def client_fn(context: Context)`.The provided `client_fn` has signature: {'cid': <Parameter "cid: 'str'">}. You can import the `Context` like this: `from flwr.common import Context`[32m [repeated 9x across cluster][0m
[36m(ClientAppActor pid=1077565)[0m             This is a deprecated feature. It will be removed[32m [repeated 9x across cluster][0m
[36m(ClientAppActor pid=1077565)[0m             entirely in future versions of Flower.[32m [repeated 9x across cluster][0m
[36m(ClientAppActor pid=1077567)[0m /home/bk489/federated_clean/cleanest_federated/fl-dermamnist-starter/data/download.py:27: UserWarning: The given NumPy array is not writable, and PyTorch does not support non-writable tensors. This means writing to this tensor will result in undefined behavior. You may want to copy the array to protect its data or make it writable before converting it to a tensor. This type of warning will be suppressed for the rest of this program. (Triggered internally at /pytorch/torch/csrc/utils/tensor_numpy.cpp:203.)[32m [repeated 2x across cluster][0m
[36m(ClientAppActor pid=1077567)[0m   tensor = torch.as_tensor(image)[32m [repeated 2x across cluster][0m
[92mINFO [0m:      aggregate_fit: received 10 results and 0 failures
[93mWARNING [0m:   No fit_metrics_aggregation_fn provided
[92mINFO [0m:      fit progress: (1, 1.0217299859521396, {'accuracy': 0.6689930209371885, 'balanced_accuracy': 0.14285714285714285, 'macro_f1': 0.11452466291175968, 'worst_class_f1': 0.0, 'worst_class_recall': 0.0, 'f1_actinic_keratoses_an': 0.0, 'recall_actinic_keratoses_an': 0.0, 'f1_basal_cell_carcinoma': 0.0, 'recall_basal_cell_carcinoma': 0.0, 'f1_benign_keratosis-lik': 0.0, 'recall_benign_keratosis-lik': 0.0, 'f1_dermatofibroma': 0.0, 'recall_dermatofibroma': 0.0, 'f1_melanoma': 0.0, 'recall_melanoma': 0.0, 'f1_melanocytic_nevi': 0.8016726403823178, 'recall_melanocytic_nevi': 1.0, 'f1_vascular_lesions': 0.0, 'recall_vascular_lesions': 0.0}, 8.815389118040912)
[92mINFO [0m:      configure_evaluate: strategy sampled 10 clients (out of 10)
[36m(ClientAppActor pid=1077569)[0m 
[36m(ClientAppActor pid=1077569)[0m         
[36m(ClientAppActor pid=1077558)[0m 
[36m(ClientAppActor pid=1077558)[0m         
[36m(ClientAppActor pid=1077567)[0m 
[36m(ClientAppActor pid=1077567)[0m         
[36m(ClientAppActor pid=1077557)[0m 
[36m(ClientAppActor pid=1077557)[0m         
[36m(ClientAppActor pid=1077575)[0m 
[36m(ClientAppActor pid=1077575)[0m         
[36m(ClientAppActor pid=1077578)[0m 
[36m(ClientAppActor pid=1077578)[0m         
[36m(ClientAppActor pid=1077574)[0m 
[36m(ClientAppActor pid=1077574)[0m         
[36m(ClientAppActor pid=1077566)[0m 
[36m(ClientAppActor pid=1077566)[0m         
[36m(ClientAppActor pid=1077565)[0m 
[36m(ClientAppActor pid=1077565)[0m         
[36m(ClientAppActor pid=1077570)[0m 
[36m(ClientAppActor pid=1077570)[0m         
[36m(ClientAppActor pid=1077557)[0m /home/bk489/federated_clean/cleanest_federated/fl-dermamnist-starter/metrics/evaluation.py:68: UserWarning: AUROC set to NaN because present classes are [1, 3, 4, 5, 6], expected [0, 1, 2, 3, 4, 5, 6]
[36m(ClientAppActor pid=1077557)[0m   warnings.warn(f'AUROC set to NaN because present classes are {present_classes}, expected {labels}')
[92mINFO [0m:      aggregate_evaluate: received 10 results and 0 failures
[93mWARNING [0m:   No evaluate_metrics_aggregation_fn provided
[92mINFO [0m:      
[92mINFO [0m:      [ROUND 2]
[92mINFO [0m:      configure_fit: strategy sampled 10 clients (out of 10)
[36m(ClientAppActor pid=1077578)[0m 
[36m(ClientAppActor pid=1077578)[0m         
[36m(ClientAppActor pid=1077569)[0m 
[36m(ClientAppActor pid=1077569)[0m         
[36m(ClientAppActor pid=1077567)[0m 
[36m(ClientAppActor pid=1077567)[0m         
[36m(ClientAppActor pid=1077575)[0m 
[36m(ClientAppActor pid=1077575)[0m         
[36m(ClientAppActor pid=1077574)[0m 
[36m(ClientAppActor pid=1077574)[0m         
[36m(ClientAppActor pid=1077566)[0m 
[36m(ClientAppActor pid=1077566)[0m         
[36m(ClientAppActor pid=1077565)[0m 
[36m(ClientAppActor pid=1077565)[0m         
[36m(ClientAppActor pid=1077570)[0m 
[36m(ClientAppActor pid=1077570)[0m         
[36m(ClientAppActor pid=1077558)[0m 
[36m(ClientAppActor pid=1077558)[0m         
[36m(ClientAppActor pid=1077557)[0m 
[36m(ClientAppActor pid=1077557)[0m         
[36m(ClientAppActor pid=1077557)[0m [93mWARNING [0m:   DEPRECATED FEATURE: `client_fn` now expects a signature `def client_fn(context: Context)`.The provided `client_fn` has signature: {'cid': <Parameter "cid: 'str'">}. You can import the `Context` like this: `from flwr.common import Context`[32m [repeated 20x across cluster][0m
[36m(ClientAppActor pid=1077557)[0m             This is a deprecated feature. It will be removed[32m [repeated 20x across cluster][0m
[36m(ClientAppActor pid=1077557)[0m             entirely in future versions of Flower.[32m [repeated 20x across cluster][0m
[36m(ClientAppActor pid=1077575)[0m /home/bk489/federated_clean/cleanest_federated/fl-dermamnist-starter/data/download.py:27: UserWarning: The given NumPy array is not writable, and PyTorch does not support non-writable tensors. This means writing to this tensor will result in undefined behavior. You may want to copy the array to protect its data or make it writable before converting it to a tensor. This type of warning will be suppressed for the rest of this program. (Triggered internally at /pytorch/torch/csrc/utils/tensor_numpy.cpp:203.)[32m [repeated 189x across cluster][0m
[36m(ClientAppActor pid=1077575)[0m   tensor = torch.as_tensor(image)[32m [repeated 189x across cluster][0m
[92mINFO [0m:      aggregate_fit: received 10 results and 0 failures
[92mINFO [0m:      fit progress: (2, 0.9513449889950357, {'accuracy': 0.6689930209371885, 'balanced_accuracy': 0.14285714285714285, 'macro_f1': 0.11452466291175968, 'worst_class_f1': 0.0, 'worst_class_recall': 0.0, 'f1_actinic_keratoses_an': 0.0, 'recall_actinic_keratoses_an': 0.0, 'f1_basal_cell_carcinoma': 0.0, 'recall_basal_cell_carcinoma': 0.0, 'f1_benign_keratosis-lik': 0.0, 'recall_benign_keratosis-lik': 0.0, 'f1_dermatofibroma': 0.0, 'recall_dermatofibroma': 0.0, 'f1_melanoma': 0.0, 'recall_melanoma': 0.0, 'f1_melanocytic_nevi': 0.8016726403823178, 'recall_melanocytic_nevi': 1.0, 'f1_vascular_lesions': 0.0, 'recall_vascular_lesions': 0.0}, 11.589221861038823)
[92mINFO [0m:      configure_evaluate: strategy sampled 10 clients (out of 10)
[36m(ClientAppActor pid=1077569)[0m 
[36m(ClientAppActor pid=1077569)[0m         
[36m(ClientAppActor pid=1077558)[0m 
[36m(ClientAppActor pid=1077558)[0m         
[36m(ClientAppActor pid=1077567)[0m 
[36m(ClientAppActor pid=1077567)[0m         
[36m(ClientAppActor pid=1077557)[0m 
[36m(ClientAppActor pid=1077557)[0m         
[36m(ClientAppActor pid=1077575)[0m 
[36m(ClientAppActor pid=1077575)[0m         
[36m(ClientAppActor pid=1077578)[0m 
[36m(ClientAppActor pid=1077578)[0m         
[36m(ClientAppActor pid=1077574)[0m 
[36m(ClientAppActor pid=1077574)[0m         
[36m(ClientAppActor pid=1077566)[0m 
[36m(ClientAppActor pid=1077566)[0m         
[36m(ClientAppActor pid=1077565)[0m 
[36m(ClientAppActor pid=1077565)[0m         
[36m(ClientAppActor pid=1077570)[0m 
[36m(ClientAppActor pid=1077570)[0m         
[92mINFO [0m:      aggregate_evaluate: received 10 results and 0 failures
[92mINFO [0m:      
[92mINFO [0m:      [ROUND 3]
[92mINFO [0m:      configure_fit: strategy sampled 10 clients (out of 10)
[36m(ClientAppActor pid=1077569)[0m 
[36m(ClientAppActor pid=1077569)[0m         
[36m(ClientAppActor pid=1077557)[0m 
[36m(ClientAppActor pid=1077557)[0m         
[36m(ClientAppActor pid=1077575)[0m 
[36m(ClientAppActor pid=1077575)[0m         
[36m(ClientAppActor pid=1077578)[0m 
[36m(ClientAppActor pid=1077578)[0m         
[36m(ClientAppActor pid=1077574)[0m 
[36m(ClientAppActor pid=1077574)[0m         
[36m(ClientAppActor pid=1077570)[0m 
[36m(ClientAppActor pid=1077570)[0m         
[36m(ClientAppActor pid=1077565)[0m 
[36m(ClientAppActor pid=1077565)[0m         
[36m(ClientAppActor pid=1077567)[0m 
[36m(ClientAppActor pid=1077567)[0m         
[36m(ClientAppActor pid=1077558)[0m 
[36m(ClientAppActor pid=1077558)[0m         
[36m(ClientAppActor pid=1077566)[0m 
[36m(ClientAppActor pid=1077566)[0m         
[36m(ClientAppActor pid=1077570)[0m /home/bk489/federated_clean/cleanest_federated/fl-dermamnist-starter/metrics/evaluation.py:68: UserWarning: AUROC set to NaN because present classes are [0, 1, 3, 4, 5], expected [0, 1, 2, 3, 4, 5, 6][32m [repeated 19x across cluster][0m
[36m(ClientAppActor pid=1077570)[0m   warnings.warn(f'AUROC set to NaN because present classes are {present_classes}, expected {labels}')[32m [repeated 19x across cluster][0m
[92mINFO [0m:      aggregate_fit: received 10 results and 0 failures
[92mINFO [0m:      fit progress: (3, 0.9225739199047907, {'accuracy': 0.6689930209371885, 'balanced_accuracy': 0.14285714285714285, 'macro_f1': 0.11452466291175968, 'worst_class_f1': 0.0, 'worst_class_recall': 0.0, 'f1_actinic_keratoses_an': 0.0, 'recall_actinic_keratoses_an': 0.0, 'f1_basal_cell_carcinoma': 0.0, 'recall_basal_cell_carcinoma': 0.0, 'f1_benign_keratosis-lik': 0.0, 'recall_benign_keratosis-lik': 0.0, 'f1_dermatofibroma': 0.0, 'recall_dermatofibroma': 0.0, 'f1_melanoma': 0.0, 'recall_melanoma': 0.0, 'f1_melanocytic_nevi': 0.8016726403823178, 'recall_melanocytic_nevi': 1.0, 'f1_vascular_lesions': 0.0, 'recall_vascular_lesions': 0.0}, 14.372191789036151)
[92mINFO [0m:      configure_evaluate: strategy sampled 10 clients (out of 10)
[36m(ClientAppActor pid=1077569)[0m 
[36m(ClientAppActor pid=1077569)[0m         
[36m(ClientAppActor pid=1077558)[0m 
[36m(ClientAppActor pid=1077558)[0m         
[36m(ClientAppActor pid=1077567)[0m 
[36m(ClientAppActor pid=1077567)[0m         
[36m(ClientAppActor pid=1077557)[0m 
[36m(ClientAppActor pid=1077557)[0m         
[36m(ClientAppActor pid=1077575)[0m 
[36m(ClientAppActor pid=1077575)[0m         
[36m(ClientAppActor pid=1077578)[0m 
[36m(ClientAppActor pid=1077578)[0m         
[36m(ClientAppActor pid=1077574)[0m 
[36m(ClientAppActor pid=1077574)[0m         
[36m(ClientAppActor pid=1077566)[0m 
[36m(ClientAppActor pid=1077566)[0m         
[36m(ClientAppActor pid=1077565)[0m 
[36m(ClientAppActor pid=1077565)[0m         
[36m(ClientAppActor pid=1077570)[0m 
[36m(ClientAppActor pid=1077570)[0m         
[92mINFO [0m:      aggregate_evaluate: received 10 results and 0 failures
[92mINFO [0m:      
[92mINFO [0m:      [ROUND 4]
[92mINFO [0m:      configure_fit: strategy sampled 10 clients (out of 10)
[36m(ClientAppActor pid=1077569)[0m 
[36m(ClientAppActor pid=1077569)[0m         
[36m(ClientAppActor pid=1077558)[0m 
[36m(ClientAppActor pid=1077558)[0m         
[36m(ClientAppActor pid=1077567)[0m 
[36m(ClientAppActor pid=1077567)[0m         
[36m(ClientAppActor pid=1077557)[0m 
[36m(ClientAppActor pid=1077557)[0m         
[36m(ClientAppActor pid=1077575)[0m 
[36m(ClientAppActor pid=1077575)[0m         
[36m(ClientAppActor pid=1077578)[0m 
[36m(ClientAppActor pid=1077578)[0m         
[36m(ClientAppActor pid=1077574)[0m 
[36m(ClientAppActor pid=1077574)[0m         
[36m(ClientAppActor pid=1077566)[0m 
[36m(ClientAppActor pid=1077566)[0m         
[36m(ClientAppActor pid=1077565)[0m 
[36m(ClientAppActor pid=1077565)[0m         
[36m(ClientAppActor pid=1077570)[0m 
[36m(ClientAppActor pid=1077570)[0m         
[36m(ClientAppActor pid=1077570)[0m [93mWARNING [0m:   DEPRECATED FEATURE: `client_fn` now expects a signature `def client_fn(context: Context)`.The provided `client_fn` has signature: {'cid': <Parameter "cid: 'str'">}. You can import the `Context` like this: `from flwr.common import Context`[32m [repeated 40x across cluster][0m
[36m(ClientAppActor pid=1077570)[0m             This is a deprecated feature. It will be removed[32m [repeated 40x across cluster][0m
[36m(ClientAppActor pid=1077570)[0m             entirely in future versions of Flower.[32m [repeated 40x across cluster][0m
[36m(ClientAppActor pid=1077567)[0m /home/bk489/federated_clean/cleanest_federated/fl-dermamnist-starter/data/download.py:27: UserWarning: The given NumPy array is not writable, and PyTorch does not support non-writable tensors. This means writing to this tensor will result in undefined behavior. You may want to copy the array to protect its data or make it writable before converting it to a tensor. This type of warning will be suppressed for the rest of this program. (Triggered internally at /pytorch/torch/csrc/utils/tensor_numpy.cpp:203.)[32m [repeated 220x across cluster][0m
[36m(ClientAppActor pid=1077567)[0m   tensor = torch.as_tensor(image)[32m [repeated 220x across cluster][0m
[92mINFO [0m:      aggregate_fit: received 10 results and 0 failures
[92mINFO [0m:      fit progress: (4, 0.8982907883666924, {'accuracy': 0.6689930209371885, 'balanced_accuracy': 0.14285714285714285, 'macro_f1': 0.11452466291175968, 'worst_class_f1': 0.0, 'worst_class_recall': 0.0, 'f1_actinic_keratoses_an': 0.0, 'recall_actinic_keratoses_an': 0.0, 'f1_basal_cell_carcinoma': 0.0, 'recall_basal_cell_carcinoma': 0.0, 'f1_benign_keratosis-lik': 0.0, 'recall_benign_keratosis-lik': 0.0, 'f1_dermatofibroma': 0.0, 'recall_dermatofibroma': 0.0, 'f1_melanoma': 0.0, 'recall_melanoma': 0.0, 'f1_melanocytic_nevi': 0.8016726403823178, 'recall_melanocytic_nevi': 1.0, 'f1_vascular_lesions': 0.0, 'recall_vascular_lesions': 0.0}, 17.10255092702573)
[92mINFO [0m:      configure_evaluate: strategy sampled 10 clients (out of 10)
[36m(ClientAppActor pid=1077569)[0m 
[36m(ClientAppActor pid=1077569)[0m         
[36m(ClientAppActor pid=1077567)[0m 
[36m(ClientAppActor pid=1077567)[0m         
[36m(ClientAppActor pid=1077557)[0m 
[36m(ClientAppActor pid=1077557)[0m         
[36m(ClientAppActor pid=1077575)[0m 
[36m(ClientAppActor pid=1077575)[0m         
[36m(ClientAppActor pid=1077578)[0m 
[36m(ClientAppActor pid=1077578)[0m         
[36m(ClientAppActor pid=1077566)[0m 
[36m(ClientAppActor pid=1077566)[0m         
[36m(ClientAppActor pid=1077565)[0m 
[36m(ClientAppActor pid=1077565)[0m         
[36m(ClientAppActor pid=1077558)[0m 
[36m(ClientAppActor pid=1077558)[0m         
[36m(ClientAppActor pid=1077574)[0m 
[36m(ClientAppActor pid=1077574)[0m         
[36m(ClientAppActor pid=1077570)[0m 
[36m(ClientAppActor pid=1077570)[0m         
[92mINFO [0m:      aggregate_evaluate: received 10 results and 0 failures
[92mINFO [0m:      
[92mINFO [0m:      [ROUND 5]
[92mINFO [0m:      configure_fit: strategy sampled 10 clients (out of 10)
[36m(ClientAppActor pid=1077569)[0m 
[36m(ClientAppActor pid=1077569)[0m         
[36m(ClientAppActor pid=1077558)[0m 
[36m(ClientAppActor pid=1077558)[0m         
[36m(ClientAppActor pid=1077567)[0m 
[36m(ClientAppActor pid=1077567)[0m         
[36m(ClientAppActor pid=1077574)[0m 
[36m(ClientAppActor pid=1077574)[0m         
[36m(ClientAppActor pid=1077566)[0m 
[36m(ClientAppActor pid=1077566)[0m         
[36m(ClientAppActor pid=1077570)[0m 
[36m(ClientAppActor pid=1077570)[0m         
[36m(ClientAppActor pid=1077575)[0m 
[36m(ClientAppActor pid=1077575)[0m         
[36m(ClientAppActor pid=1077578)[0m 
[36m(ClientAppActor pid=1077578)[0m         
[36m(ClientAppActor pid=1077565)[0m 
[36m(ClientAppActor pid=1077565)[0m         
[36m(ClientAppActor pid=1077557)[0m 
[36m(ClientAppActor pid=1077557)[0m         
[36m(ClientAppActor pid=1077570)[0m /home/bk489/federated_clean/cleanest_federated/fl-dermamnist-starter/metrics/evaluation.py:68: UserWarning: AUROC set to NaN because present classes are [1, 4, 5, 6], expected [0, 1, 2, 3, 4, 5, 6][32m [repeated 20x across cluster][0m
[36m(ClientAppActor pid=1077570)[0m   warnings.warn(f'AUROC set to NaN because present classes are {present_classes}, expected {labels}')[32m [repeated 20x across cluster][0m
[92mINFO [0m:      aggregate_fit: received 10 results and 0 failures
[92mINFO [0m:      fit progress: (5, 0.8845973434975948, {'accuracy': 0.6719840478564307, 'balanced_accuracy': 0.15584415584415584, 'macro_f1': 0.13796499664763137, 'worst_class_f1': 0.0, 'worst_class_recall': 0.0, 'f1_actinic_keratoses_an': 0.16216216216216217, 'recall_actinic_keratoses_an': 0.09090909090909091, 'f1_basal_cell_carcinoma': 0.0, 'recall_basal_cell_carcinoma': 0.0, 'f1_benign_keratosis-lik': 0.0, 'recall_benign_keratosis-lik': 0.0, 'f1_dermatofibroma': 0.0, 'recall_dermatofibroma': 0.0, 'f1_melanoma': 0.0, 'recall_melanoma': 0.0, 'f1_melanocytic_nevi': 0.8035928143712575, 'recall_melanocytic_nevi': 1.0, 'f1_vascular_lesions': 0.0, 'recall_vascular_lesions': 0.0}, 19.846623334044125)
[92mINFO [0m:      configure_evaluate: strategy sampled 10 clients (out of 10)
[36m(ClientAppActor pid=1077558)[0m 
[36m(ClientAppActor pid=1077558)[0m         
[36m(ClientAppActor pid=1077575)[0m 
[36m(ClientAppActor pid=1077575)[0m         
[36m(ClientAppActor pid=1077578)[0m 
[36m(ClientAppActor pid=1077578)[0m         
[36m(ClientAppActor pid=1077570)[0m 
[36m(ClientAppActor pid=1077570)[0m         
[36m(ClientAppActor pid=1077574)[0m 
[36m(ClientAppActor pid=1077574)[0m         
[36m(ClientAppActor pid=1077569)[0m 
[36m(ClientAppActor pid=1077569)[0m         
[36m(ClientAppActor pid=1077567)[0m 
[36m(ClientAppActor pid=1077567)[0m         
[36m(ClientAppActor pid=1077567)[0m /home/bk489/federated_clean/.venv/lib/python3.9/site-packages/sklearn/metrics/_classification.py:2524: UserWarning: y_pred contains classes not in y_true
[36m(ClientAppActor pid=1077567)[0m   warnings.warn("y_pred contains classes not in y_true")
[36m(ClientAppActor pid=1077557)[0m 
[36m(ClientAppActor pid=1077557)[0m         
[36m(ClientAppActor pid=1077566)[0m 
[36m(ClientAppActor pid=1077566)[0m         
[36m(ClientAppActor pid=1077565)[0m 
[36m(ClientAppActor pid=1077565)[0m         
[92mINFO [0m:      aggregate_evaluate: received 10 results and 0 failures
[92mINFO [0m:      
[92mINFO [0m:      [ROUND 6]
[92mINFO [0m:      configure_fit: strategy sampled 10 clients (out of 10)
[36m(ClientAppActor pid=1077569)[0m 
[36m(ClientAppActor pid=1077569)[0m         
[36m(ClientAppActor pid=1077558)[0m 
[36m(ClientAppActor pid=1077558)[0m         
[36m(ClientAppActor pid=1077567)[0m 
[36m(ClientAppActor pid=1077567)[0m         
[36m(ClientAppActor pid=1077557)[0m 
[36m(ClientAppActor pid=1077557)[0m         
[36m(ClientAppActor pid=1077575)[0m 
[36m(ClientAppActor pid=1077575)[0m         
[36m(ClientAppActor pid=1077578)[0m 
[36m(ClientAppActor pid=1077578)[0m         
[36m(ClientAppActor pid=1077574)[0m 
[36m(ClientAppActor pid=1077574)[0m         
[36m(ClientAppActor pid=1077566)[0m 
[36m(ClientAppActor pid=1077566)[0m         
[36m(ClientAppActor pid=1077565)[0m 
[36m(ClientAppActor pid=1077565)[0m         
[36m(ClientAppActor pid=1077570)[0m 
[36m(ClientAppActor pid=1077570)[0m         
[36m(ClientAppActor pid=1077570)[0m [93mWARNING [0m:   DEPRECATED FEATURE: `client_fn` now expects a signature `def client_fn(context: Context)`.The provided `client_fn` has signature: {'cid': <Parameter "cid: 'str'">}. You can import the `Context` like this: `from flwr.common import Context`[32m [repeated 40x across cluster][0m
[36m(ClientAppActor pid=1077570)[0m             This is a deprecated feature. It will be removed[32m [repeated 40x across cluster][0m
[36m(ClientAppActor pid=1077570)[0m             entirely in future versions of Flower.[32m [repeated 40x across cluster][0m
[36m(ClientAppActor pid=1077558)[0m /home/bk489/federated_clean/cleanest_federated/fl-dermamnist-starter/data/download.py:27: UserWarning: The given NumPy array is not writable, and PyTorch does not support non-writable tensors. This means writing to this tensor will result in undefined behavior. You may want to copy the array to protect its data or make it writable before converting it to a tensor. This type of warning will be suppressed for the rest of this program. (Triggered internally at /pytorch/torch/csrc/utils/tensor_numpy.cpp:203.)[32m [repeated 204x across cluster][0m
[36m(ClientAppActor pid=1077558)[0m   tensor = torch.as_tensor(image)[32m [repeated 204x across cluster][0m
[92mINFO [0m:      aggregate_fit: received 10 results and 0 failures
[92mINFO [0m:      fit progress: (6, 0.8812354469109152, {'accuracy': 0.6739780658025922, 'balanced_accuracy': 0.1645021645021645, 'macro_f1': 0.14774972471905726, 'worst_class_f1': 0.0, 'worst_class_recall': 0.0, 'f1_actinic_keratoses_an': 0.22727272727272727, 'recall_actinic_keratoses_an': 0.15151515151515152, 'f1_basal_cell_carcinoma': 0.0, 'recall_basal_cell_carcinoma': 0.0, 'f1_benign_keratosis-lik': 0.0, 'recall_benign_keratosis-lik': 0.0, 'f1_dermatofibroma': 0.0, 'recall_dermatofibroma': 0.0, 'f1_melanoma': 0.0, 'recall_melanoma': 0.0, 'f1_melanocytic_nevi': 0.8069753457606735, 'recall_melanocytic_nevi': 1.0, 'f1_vascular_lesions': 0.0, 'recall_vascular_lesions': 0.0}, 22.612805797019973)
[92mINFO [0m:      configure_evaluate: strategy sampled 10 clients (out of 10)
[36m(ClientAppActor pid=1077574)[0m 
[36m(ClientAppActor pid=1077574)[0m         
[36m(ClientAppActor pid=1077566)[0m 
[36m(ClientAppActor pid=1077566)[0m         
[36m(ClientAppActor pid=1077565)[0m 
[36m(ClientAppActor pid=1077565)[0m         
[36m(ClientAppActor pid=1077557)[0m 
[36m(ClientAppActor pid=1077557)[0m         
[36m(ClientAppActor pid=1077558)[0m 
[36m(ClientAppActor pid=1077558)[0m         
[36m(ClientAppActor pid=1077567)[0m 
[36m(ClientAppActor pid=1077567)[0m         
[36m(ClientAppActor pid=1077569)[0m 
[36m(ClientAppActor pid=1077569)[0m         
[36m(ClientAppActor pid=1077575)[0m 
[36m(ClientAppActor pid=1077575)[0m         
[36m(ClientAppActor pid=1077578)[0m 
[36m(ClientAppActor pid=1077578)[0m         
[36m(ClientAppActor pid=1077570)[0m 
[36m(ClientAppActor pid=1077570)[0m         
[92mINFO [0m:      aggregate_evaluate: received 10 results and 0 failures
[92mINFO [0m:      
[92mINFO [0m:      [ROUND 7]
[92mINFO [0m:      configure_fit: strategy sampled 10 clients (out of 10)
[36m(ClientAppActor pid=1077569)[0m 
[36m(ClientAppActor pid=1077569)[0m         
[36m(ClientAppActor pid=1077558)[0m 
[36m(ClientAppActor pid=1077558)[0m         
[36m(ClientAppActor pid=1077567)[0m 
[36m(ClientAppActor pid=1077567)[0m         
[36m(ClientAppActor pid=1077557)[0m 
[36m(ClientAppActor pid=1077557)[0m         
[36m(ClientAppActor pid=1077575)[0m 
[36m(ClientAppActor pid=1077575)[0m         
[36m(ClientAppActor pid=1077578)[0m 
[36m(ClientAppActor pid=1077578)[0m         
[36m(ClientAppActor pid=1077574)[0m 
[36m(ClientAppActor pid=1077574)[0m         
[36m(ClientAppActor pid=1077565)[0m 
[36m(ClientAppActor pid=1077565)[0m         
[36m(ClientAppActor pid=1077570)[0m 
[36m(ClientAppActor pid=1077570)[0m         
[36m(ClientAppActor pid=1077566)[0m 
[36m(ClientAppActor pid=1077566)[0m         
[36m(ClientAppActor pid=1077578)[0m /home/bk489/federated_clean/cleanest_federated/fl-dermamnist-starter/metrics/evaluation.py:68: UserWarning: AUROC set to NaN because present classes are [0, 1, 2, 3, 4, 5], expected [0, 1, 2, 3, 4, 5, 6][32m [repeated 20x across cluster][0m
[36m(ClientAppActor pid=1077578)[0m   warnings.warn(f'AUROC set to NaN because present classes are {present_classes}, expected {labels}')[32m [repeated 20x across cluster][0m
[92mINFO [0m:      aggregate_fit: received 10 results and 0 failures
[92mINFO [0m:      fit progress: (7, 0.8633033314706796, {'accuracy': 0.6729810568295115, 'balanced_accuracy': 0.16017316017316016, 'macro_f1': 0.14494294453929912, 'worst_class_f1': 0.0, 'worst_class_recall': 0.0, 'f1_actinic_keratoses_an': 0.21052631578947367, 'recall_actinic_keratoses_an': 0.12121212121212122, 'f1_basal_cell_carcinoma': 0.0, 'recall_basal_cell_carcinoma': 0.0, 'f1_benign_keratosis-lik': 0.0, 'recall_benign_keratosis-lik': 0.0, 'f1_dermatofibroma': 0.0, 'recall_dermatofibroma': 0.0, 'f1_melanoma': 0.0, 'recall_melanoma': 0.0, 'f1_melanocytic_nevi': 0.8040742959856201, 'recall_melanocytic_nevi': 1.0, 'f1_vascular_lesions': 0.0, 'recall_vascular_lesions': 0.0}, 25.33706815401092)
[92mINFO [0m:      configure_evaluate: strategy sampled 10 clients (out of 10)
[36m(ClientAppActor pid=1077569)[0m 
[36m(ClientAppActor pid=1077569)[0m         
[36m(ClientAppActor pid=1077569)[0m /home/bk489/federated_clean/.venv/lib/python3.9/site-packages/sklearn/metrics/_classification.py:2524: UserWarning: y_pred contains classes not in y_true
[36m(ClientAppActor pid=1077569)[0m   warnings.warn("y_pred contains classes not in y_true")
[36m(ClientAppActor pid=1077558)[0m 
[36m(ClientAppActor pid=1077558)[0m         
[36m(ClientAppActor pid=1077567)[0m 
[36m(ClientAppActor pid=1077567)[0m         
[36m(ClientAppActor pid=1077557)[0m 
[36m(ClientAppActor pid=1077557)[0m         
[36m(ClientAppActor pid=1077575)[0m 
[36m(ClientAppActor pid=1077575)[0m         
[36m(ClientAppActor pid=1077578)[0m 
[36m(ClientAppActor pid=1077578)[0m         
[36m(ClientAppActor pid=1077574)[0m 
[36m(ClientAppActor pid=1077574)[0m         
[36m(ClientAppActor pid=1077566)[0m 
[36m(ClientAppActor pid=1077566)[0m         
[36m(ClientAppActor pid=1077565)[0m 
[36m(ClientAppActor pid=1077565)[0m         
[36m(ClientAppActor pid=1077570)[0m 
[36m(ClientAppActor pid=1077570)[0m         
[92mINFO [0m:      aggregate_evaluate: received 10 results and 0 failures
[92mINFO [0m:      
[92mINFO [0m:      [ROUND 8]
[92mINFO [0m:      configure_fit: strategy sampled 10 clients (out of 10)
[36m(ClientAppActor pid=1077569)[0m 
[36m(ClientAppActor pid=1077569)[0m         
[36m(ClientAppActor pid=1077578)[0m /home/bk489/federated_clean/.venv/lib/python3.9/site-packages/sklearn/metrics/_classification.py:2524: UserWarning: y_pred contains classes not in y_true
[36m(ClientAppActor pid=1077578)[0m   warnings.warn("y_pred contains classes not in y_true")
[36m(ClientAppActor pid=1077574)[0m 
[36m(ClientAppActor pid=1077574)[0m         
[36m(ClientAppActor pid=1077565)[0m 
[36m(ClientAppActor pid=1077565)[0m         
[36m(ClientAppActor pid=1077558)[0m 
[36m(ClientAppActor pid=1077558)[0m         
[36m(ClientAppActor pid=1077567)[0m 
[36m(ClientAppActor pid=1077567)[0m         
[36m(ClientAppActor pid=1077557)[0m 
[36m(ClientAppActor pid=1077557)[0m         
[36m(ClientAppActor pid=1077575)[0m 
[36m(ClientAppActor pid=1077575)[0m         
[36m(ClientAppActor pid=1077578)[0m 
[36m(ClientAppActor pid=1077578)[0m         
[36m(ClientAppActor pid=1077566)[0m 
[36m(ClientAppActor pid=1077566)[0m         
[36m(ClientAppActor pid=1077570)[0m 
[36m(ClientAppActor pid=1077570)[0m         
[36m(ClientAppActor pid=1077570)[0m [93mWARNING [0m:   DEPRECATED FEATURE: `client_fn` now expects a signature `def client_fn(context: Context)`.The provided `client_fn` has signature: {'cid': <Parameter "cid: 'str'">}. You can import the `Context` like this: `from flwr.common import Context`[32m [repeated 40x across cluster][0m
[36m(ClientAppActor pid=1077570)[0m             This is a deprecated feature. It will be removed[32m [repeated 40x across cluster][0m
[36m(ClientAppActor pid=1077570)[0m             entirely in future versions of Flower.[32m [repeated 40x across cluster][0m
[36m(ClientAppActor pid=1077575)[0m /home/bk489/federated_clean/cleanest_federated/fl-dermamnist-starter/data/download.py:27: UserWarning: The given NumPy array is not writable, and PyTorch does not support non-writable tensors. This means writing to this tensor will result in undefined behavior. You may want to copy the array to protect its data or make it writable before converting it to a tensor. This type of warning will be suppressed for the rest of this program. (Triggered internally at /pytorch/torch/csrc/utils/tensor_numpy.cpp:203.)[32m [repeated 204x across cluster][0m
[36m(ClientAppActor pid=1077575)[0m   tensor = torch.as_tensor(image)[32m [repeated 204x across cluster][0m
[92mINFO [0m:      aggregate_fit: received 10 results and 0 failures
[92mINFO [0m:      fit progress: (8, 0.8540517095316681, {'accuracy': 0.674975074775673, 'balanced_accuracy': 0.16883116883116883, 'macro_f1': 0.15344679388000687, 'worst_class_f1': 0.0, 'worst_class_recall': 0.0, 'f1_actinic_keratoses_an': 0.26666666666666666, 'recall_actinic_keratoses_an': 0.18181818181818182, 'f1_basal_cell_carcinoma': 0.0, 'recall_basal_cell_carcinoma': 0.0, 'f1_benign_keratosis-lik': 0.0, 'recall_benign_keratosis-lik': 0.0, 'f1_dermatofibroma': 0.0, 'recall_dermatofibroma': 0.0, 'f1_melanoma': 0.0, 'recall_melanoma': 0.0, 'f1_melanocytic_nevi': 0.8074608904933814, 'recall_melanocytic_nevi': 1.0, 'f1_vascular_lesions': 0.0, 'recall_vascular_lesions': 0.0}, 28.09203996398719)
[92mINFO [0m:      configure_evaluate: strategy sampled 10 clients (out of 10)
[36m(ClientAppActor pid=1077569)[0m 
[36m(ClientAppActor pid=1077569)[0m         
[36m(ClientAppActor pid=1077558)[0m 
[36m(ClientAppActor pid=1077558)[0m         
[36m(ClientAppActor pid=1077567)[0m 
[36m(ClientAppActor pid=1077567)[0m         
[36m(ClientAppActor pid=1077557)[0m 
[36m(ClientAppActor pid=1077557)[0m         
[36m(ClientAppActor pid=1077575)[0m 
[36m(ClientAppActor pid=1077575)[0m         
[36m(ClientAppActor pid=1077578)[0m 
[36m(ClientAppActor pid=1077578)[0m         
[36m(ClientAppActor pid=1077574)[0m 
[36m(ClientAppActor pid=1077574)[0m         
[36m(ClientAppActor pid=1077565)[0m 
[36m(ClientAppActor pid=1077565)[0m         
[36m(ClientAppActor pid=1077570)[0m 
[36m(ClientAppActor pid=1077570)[0m         
[36m(ClientAppActor pid=1077566)[0m 
[36m(ClientAppActor pid=1077566)[0m         
[92mINFO [0m:      aggregate_evaluate: received 10 results and 0 failures
[92mINFO [0m:      
[92mINFO [0m:      [ROUND 9]
[92mINFO [0m:      configure_fit: strategy sampled 10 clients (out of 10)
[36m(ClientAppActor pid=1077569)[0m 
[36m(ClientAppActor pid=1077569)[0m         
[36m(ClientAppActor pid=1077558)[0m 
[36m(ClientAppActor pid=1077558)[0m         
[36m(ClientAppActor pid=1077575)[0m 
[36m(ClientAppActor pid=1077575)[0m         
[36m(ClientAppActor pid=1077578)[0m 
[36m(ClientAppActor pid=1077578)[0m         
[36m(ClientAppActor pid=1077574)[0m 
[36m(ClientAppActor pid=1077574)[0m         
[36m(ClientAppActor pid=1077566)[0m 
[36m(ClientAppActor pid=1077566)[0m         
[36m(ClientAppActor pid=1077565)[0m 
[36m(ClientAppActor pid=1077565)[0m         
[36m(ClientAppActor pid=1077567)[0m 
[36m(ClientAppActor pid=1077567)[0m         
[36m(ClientAppActor pid=1077557)[0m 
[36m(ClientAppActor pid=1077557)[0m         
[36m(ClientAppActor pid=1077570)[0m 
[36m(ClientAppActor pid=1077570)[0m         
[36m(ClientAppActor pid=1077565)[0m /home/bk489/federated_clean/cleanest_federated/fl-dermamnist-starter/metrics/evaluation.py:68: UserWarning: AUROC set to NaN because present classes are [1, 4, 5, 6], expected [0, 1, 2, 3, 4, 5, 6][32m [repeated 20x across cluster][0m
[36m(ClientAppActor pid=1077565)[0m   warnings.warn(f'AUROC set to NaN because present classes are {present_classes}, expected {labels}')[32m [repeated 20x across cluster][0m
[92mINFO [0m:      aggregate_fit: received 10 results and 0 failures
[92mINFO [0m:      fit progress: (9, 0.8467403338889657, {'accuracy': 0.6739780658025922, 'balanced_accuracy': 0.1645021645021645, 'macro_f1': 0.14843550345003834, 'worst_class_f1': 0.0, 'worst_class_recall': 0.0, 'f1_actinic_keratoses_an': 0.23255813953488372, 'recall_actinic_keratoses_an': 0.15151515151515152, 'f1_basal_cell_carcinoma': 0.0, 'recall_basal_cell_carcinoma': 0.0, 'f1_benign_keratosis-lik': 0.0, 'recall_benign_keratosis-lik': 0.0, 'f1_dermatofibroma': 0.0, 'recall_dermatofibroma': 0.0, 'f1_melanoma': 0.0, 'recall_melanoma': 0.0, 'f1_melanocytic_nevi': 0.8064903846153846, 'recall_melanocytic_nevi': 1.0, 'f1_vascular_lesions': 0.0, 'recall_vascular_lesions': 0.0}, 30.86711774300784)
[92mINFO [0m:      configure_evaluate: strategy sampled 10 clients (out of 10)
[36m(ClientAppActor pid=1077569)[0m 
[36m(ClientAppActor pid=1077569)[0m         
[36m(ClientAppActor pid=1077557)[0m /home/bk489/federated_clean/.venv/lib/python3.9/site-packages/sklearn/metrics/_classification.py:2524: UserWarning: y_pred contains classes not in y_true
[36m(ClientAppActor pid=1077557)[0m   warnings.warn("y_pred contains classes not in y_true")
[36m(ClientAppActor pid=1077569)[0m [93mWARNING [0m:   DEPRECATED FEATURE: `client_fn` now expects a signature `def client_fn(context: Context)`.The provided `client_fn` has signature: {'cid': <Parameter "cid: 'str'">}. You can import the `Context` like this: `from flwr.common import Context`[32m [repeated 21x across cluster][0m
[36m(ClientAppActor pid=1077569)[0m             This is a deprecated feature. It will be removed[32m [repeated 21x across cluster][0m
[36m(ClientAppActor pid=1077569)[0m             entirely in future versions of Flower.[32m [repeated 21x across cluster][0m
[36m(ClientAppActor pid=1077569)[0m /home/bk489/federated_clean/cleanest_federated/fl-dermamnist-starter/data/download.py:27: UserWarning: The given NumPy array is not writable, and PyTorch does not support non-writable tensors. This means writing to this tensor will result in undefined behavior. You may want to copy the array to protect its data or make it writable before converting it to a tensor. This type of warning will be suppressed for the rest of this program. (Triggered internally at /pytorch/torch/csrc/utils/tensor_numpy.cpp:203.)[32m [repeated 193x across cluster][0m
[36m(ClientAppActor pid=1077569)[0m   tensor = torch.as_tensor(image)[32m [repeated 193x across cluster][0m
[36m(ClientAppActor pid=1077558)[0m 
[36m(ClientAppActor pid=1077558)[0m         
[36m(ClientAppActor pid=1077567)[0m 
[36m(ClientAppActor pid=1077567)[0m         
[36m(ClientAppActor pid=1077557)[0m 
[36m(ClientAppActor pid=1077557)[0m         
[36m(ClientAppActor pid=1077575)[0m 
[36m(ClientAppActor pid=1077575)[0m         
[36m(ClientAppActor pid=1077578)[0m 
[36m(ClientAppActor pid=1077578)[0m         
[36m(ClientAppActor pid=1077574)[0m 
[36m(ClientAppActor pid=1077574)[0m         
[36m(ClientAppActor pid=1077566)[0m 
[36m(ClientAppActor pid=1077566)[0m         
[36m(ClientAppActor pid=1077565)[0m 
[36m(ClientAppActor pid=1077565)[0m         
[36m(ClientAppActor pid=1077570)[0m 
[36m(ClientAppActor pid=1077570)[0m         
[92mINFO [0m:      aggregate_evaluate: received 10 results and 0 failures
[92mINFO [0m:      
[92mINFO [0m:      [ROUND 10]
[92mINFO [0m:      configure_fit: strategy sampled 10 clients (out of 10)
[36m(ClientAppActor pid=1077558)[0m 
[36m(ClientAppActor pid=1077558)[0m         
[36m(ClientAppActor pid=1077557)[0m 
[36m(ClientAppActor pid=1077557)[0m         
[36m(ClientAppActor pid=1077574)[0m 
[36m(ClientAppActor pid=1077574)[0m         
[36m(ClientAppActor pid=1077566)[0m /home/bk489/federated_clean/.venv/lib/python3.9/site-packages/sklearn/metrics/_classification.py:2524: UserWarning: y_pred contains classes not in y_true
[36m(ClientAppActor pid=1077566)[0m   warnings.warn("y_pred contains classes not in y_true")
[36m(ClientAppActor pid=1077566)[0m 
[36m(ClientAppActor pid=1077566)[0m         
[36m(ClientAppActor pid=1077565)[0m 
[36m(ClientAppActor pid=1077565)[0m         
[36m(ClientAppActor pid=1077570)[0m 
[36m(ClientAppActor pid=1077570)[0m         
[36m(ClientAppActor pid=1077578)[0m 
[36m(ClientAppActor pid=1077578)[0m         
[36m(ClientAppActor pid=1077569)[0m 
[36m(ClientAppActor pid=1077569)[0m         
[36m(ClientAppActor pid=1077575)[0m 
[36m(ClientAppActor pid=1077575)[0m         
[36m(ClientAppActor pid=1077567)[0m 
[36m(ClientAppActor pid=1077567)[0m         
[92mINFO [0m:      aggregate_fit: received 10 results and 0 failures
[92mINFO [0m:      fit progress: (10, 0.8403139161920975, {'accuracy': 0.6799601196410767, 'balanced_accuracy': 0.1987083954297069, 'macro_f1': 0.17145733599063098, 'worst_class_f1': 0.0, 'worst_class_recall': 0.0, 'f1_actinic_keratoses_an': 0.38235294117647056, 'recall_actinic_keratoses_an': 0.3939393939393939, 'f1_basal_cell_carcinoma': 0.0, 'recall_basal_cell_carcinoma': 0.0, 'f1_benign_keratosis-lik': 0.0, 'recall_benign_keratosis-lik': 0.0, 'f1_dermatofibroma': 0.0, 'recall_dermatofibroma': 0.0, 'f1_melanoma': 0.0, 'recall_melanoma': 0.0, 'f1_melanocytic_nevi': 0.8178484107579462, 'recall_melanocytic_nevi': 0.9970193740685543, 'f1_vascular_lesions': 0.0, 'recall_vascular_lesions': 0.0}, 33.612870253040455)
[92mINFO [0m:      configure_evaluate: strategy sampled 10 clients (out of 10)
[36m(ClientAppActor pid=1077569)[0m 
[36m(ClientAppActor pid=1077569)[0m         
[36m(ClientAppActor pid=1077567)[0m 
[36m(ClientAppActor pid=1077567)[0m         
[36m(ClientAppActor pid=1077557)[0m 
[36m(ClientAppActor pid=1077557)[0m         
[36m(ClientAppActor pid=1077575)[0m 
[36m(ClientAppActor pid=1077575)[0m         
[36m(ClientAppActor pid=1077578)[0m 
[36m(ClientAppActor pid=1077578)[0m         
[36m(ClientAppActor pid=1077574)[0m 
[36m(ClientAppActor pid=1077574)[0m         
[36m(ClientAppActor pid=1077566)[0m 
[36m(ClientAppActor pid=1077566)[0m         
[36m(ClientAppActor pid=1077565)[0m 
[36m(ClientAppActor pid=1077565)[0m         
[36m(ClientAppActor pid=1077570)[0m 
[36m(ClientAppActor pid=1077570)[0m         
[36m(ClientAppActor pid=1077558)[0m 
[36m(ClientAppActor pid=1077558)[0m         
[92mINFO [0m:      aggregate_evaluate: received 10 results and 0 failures
[92mINFO [0m:      
[92mINFO [0m:      [ROUND 11]
[92mINFO [0m:      configure_fit: strategy sampled 10 clients (out of 10)
[36m(ClientAppActor pid=1077558)[0m 
[36m(ClientAppActor pid=1077558)[0m         
[36m(ClientAppActor pid=1077557)[0m 
[36m(ClientAppActor pid=1077557)[0m         
[36m(ClientAppActor pid=1077575)[0m 
[36m(ClientAppActor pid=1077575)[0m         
[36m(ClientAppActor pid=1077570)[0m 
[36m(ClientAppActor pid=1077570)[0m         
[36m(ClientAppActor pid=1077569)[0m 
[36m(ClientAppActor pid=1077569)[0m         
[36m(ClientAppActor pid=1077567)[0m 
[36m(ClientAppActor pid=1077567)[0m         
[36m(ClientAppActor pid=1077578)[0m 
[36m(ClientAppActor pid=1077578)[0m         
[36m(ClientAppActor pid=1077574)[0m 
[36m(ClientAppActor pid=1077574)[0m         
[36m(ClientAppActor pid=1077566)[0m 
[36m(ClientAppActor pid=1077566)[0m         
[36m(ClientAppActor pid=1077565)[0m 
[36m(ClientAppActor pid=1077565)[0m         
[36m(ClientAppActor pid=1077570)[0m /home/bk489/federated_clean/cleanest_federated/fl-dermamnist-starter/metrics/evaluation.py:68: UserWarning: AUROC set to NaN because present classes are [1, 3, 4, 5, 6], expected [0, 1, 2, 3, 4, 5, 6][32m [repeated 20x across cluster][0m
[36m(ClientAppActor pid=1077570)[0m   warnings.warn(f'AUROC set to NaN because present classes are {present_classes}, expected {labels}')[32m [repeated 20x across cluster][0m
[36m(ClientAppActor pid=1077565)[0m [93mWARNING [0m:   DEPRECATED FEATURE: `client_fn` now expects a signature `def client_fn(context: Context)`.The provided `client_fn` has signature: {'cid': <Parameter "cid: 'str'">}. You can import the `Context` like this: `from flwr.common import Context`[32m [repeated 39x across cluster][0m
[36m(ClientAppActor pid=1077565)[0m             This is a deprecated feature. It will be removed[32m [repeated 39x across cluster][0m
[36m(ClientAppActor pid=1077565)[0m             entirely in future versions of Flower.[32m [repeated 39x across cluster][0m
[36m(ClientAppActor pid=1077569)[0m /home/bk489/federated_clean/cleanest_federated/fl-dermamnist-starter/data/download.py:27: UserWarning: The given NumPy array is not writable, and PyTorch does not support non-writable tensors. This means writing to this tensor will result in undefined behavior. You may want to copy the array to protect its data or make it writable before converting it to a tensor. This type of warning will be suppressed for the rest of this program. (Triggered internally at /pytorch/torch/csrc/utils/tensor_numpy.cpp:203.)[32m [repeated 228x across cluster][0m
[36m(ClientAppActor pid=1077569)[0m   tensor = torch.as_tensor(image)[32m [repeated 228x across cluster][0m
[92mINFO [0m:      aggregate_fit: received 10 results and 0 failures
[92mINFO [0m:      fit progress: (11, 0.8348041927350958, {'accuracy': 0.6759720837487537, 'balanced_accuracy': 0.17423427259492835, 'macro_f1': 0.15829123032468728, 'worst_class_f1': 0.0, 'worst_class_recall': 0.0, 'f1_actinic_keratoses_an': 0.28, 'recall_actinic_keratoses_an': 0.21212121212121213, 'f1_basal_cell_carcinoma': 0.0, 'recall_basal_cell_carcinoma': 0.0, 'f1_benign_keratosis-lik': 0.0, 'recall_benign_keratosis-lik': 0.0, 'f1_dermatofibroma': 0.0, 'recall_dermatofibroma': 0.0, 'f1_melanoma': 0.017391304347826087, 'recall_melanoma': 0.009009009009009009, 'f1_melanocytic_nevi': 0.8106473079249849, 'recall_melanocytic_nevi': 0.9985096870342772, 'f1_vascular_lesions': 0.0, 'recall_vascular_lesions': 0.0}, 36.35524158802582)
[92mINFO [0m:      configure_evaluate: strategy sampled 10 clients (out of 10)
[36m(ClientAppActor pid=1077569)[0m 
[36m(ClientAppActor pid=1077569)[0m         
[36m(ClientAppActor pid=1077570)[0m /home/bk489/federated_clean/.venv/lib/python3.9/site-packages/sklearn/metrics/_classification.py:2524: UserWarning: y_pred contains classes not in y_true[32m [repeated 4x across cluster][0m
[36m(ClientAppActor pid=1077570)[0m   warnings.warn("y_pred contains classes not in y_true")[32m [repeated 4x across cluster][0m
[36m(ClientAppActor pid=1077558)[0m 
[36m(ClientAppActor pid=1077558)[0m         
[36m(ClientAppActor pid=1077567)[0m 
[36m(ClientAppActor pid=1077567)[0m         
[36m(ClientAppActor pid=1077557)[0m 
[36m(ClientAppActor pid=1077557)[0m         
[36m(ClientAppActor pid=1077575)[0m 
[36m(ClientAppActor pid=1077575)[0m         
[36m(ClientAppActor pid=1077578)[0m 
[36m(ClientAppActor pid=1077578)[0m         
[36m(ClientAppActor pid=1077574)[0m 
[36m(ClientAppActor pid=1077574)[0m         
[36m(ClientAppActor pid=1077566)[0m 
[36m(ClientAppActor pid=1077566)[0m         
[36m(ClientAppActor pid=1077565)[0m 
[36m(ClientAppActor pid=1077565)[0m         
[36m(ClientAppActor pid=1077570)[0m 
[36m(ClientAppActor pid=1077570)[0m         
[92mINFO [0m:      aggregate_evaluate: received 10 results and 0 failures
[92mINFO [0m:      
[92mINFO [0m:      [ROUND 12]
[92mINFO [0m:      configure_fit: strategy sampled 10 clients (out of 10)
[36m(ClientAppActor pid=1077569)[0m 
[36m(ClientAppActor pid=1077569)[0m         
[36m(ClientAppActor pid=1077558)[0m 
[36m(ClientAppActor pid=1077558)[0m         
[36m(ClientAppActor pid=1077567)[0m 
[36m(ClientAppActor pid=1077567)[0m         
[36m(ClientAppActor pid=1077557)[0m 
[36m(ClientAppActor pid=1077557)[0m         
[36m(ClientAppActor pid=1077575)[0m 
[36m(ClientAppActor pid=1077575)[0m         
[36m(ClientAppActor pid=1077578)[0m 
[36m(ClientAppActor pid=1077578)[0m         
[36m(ClientAppActor pid=1077574)[0m 
[36m(ClientAppActor pid=1077574)[0m         
[36m(ClientAppActor pid=1077566)[0m 
[36m(ClientAppActor pid=1077566)[0m         
[36m(ClientAppActor pid=1077565)[0m 
[36m(ClientAppActor pid=1077565)[0m         
[36m(ClientAppActor pid=1077570)[0m 
[36m(ClientAppActor pid=1077570)[0m         
[92mINFO [0m:      aggregate_fit: received 10 results and 0 failures
[92mINFO [0m:      fit progress: (12, 0.8327996973858279, {'accuracy': 0.6759720837487537, 'balanced_accuracy': 0.17423427259492835, 'macro_f1': 0.15903754067738235, 'worst_class_f1': 0.0, 'worst_class_recall': 0.0, 'f1_actinic_keratoses_an': 0.2857142857142857, 'recall_actinic_keratoses_an': 0.21212121212121213, 'f1_basal_cell_carcinoma': 0.0, 'recall_basal_cell_carcinoma': 0.0, 'f1_benign_keratosis-lik': 0.0, 'recall_benign_keratosis-lik': 0.0, 'f1_dermatofibroma': 0.0, 'recall_dermatofibroma': 0.0, 'f1_melanoma': 0.017391304347826087, 'recall_melanoma': 0.009009009009009009, 'f1_melanocytic_nevi': 0.8101571946795647, 'recall_melanocytic_nevi': 0.9985096870342772, 'f1_vascular_lesions': 0.0, 'recall_vascular_lesions': 0.0}, 39.0809430310037)
[92mINFO [0m:      configure_evaluate: strategy sampled 10 clients (out of 10)
[36m(ClientAppActor pid=1077569)[0m 
[36m(ClientAppActor pid=1077569)[0m         
[36m(ClientAppActor pid=1077557)[0m 
[36m(ClientAppActor pid=1077557)[0m         
[36m(ClientAppActor pid=1077575)[0m 
[36m(ClientAppActor pid=1077575)[0m         
[36m(ClientAppActor pid=1077578)[0m 
[36m(ClientAppActor pid=1077578)[0m         
[36m(ClientAppActor pid=1077574)[0m 
[36m(ClientAppActor pid=1077574)[0m         
[36m(ClientAppActor pid=1077566)[0m 
[36m(ClientAppActor pid=1077566)[0m         
[36m(ClientAppActor pid=1077570)[0m 
[36m(ClientAppActor pid=1077570)[0m         
[36m(ClientAppActor pid=1077567)[0m 
[36m(ClientAppActor pid=1077567)[0m         
[36m(ClientAppActor pid=1077565)[0m 
[36m(ClientAppActor pid=1077565)[0m         
[36m(ClientAppActor pid=1077558)[0m 
[36m(ClientAppActor pid=1077558)[0m         
[92mINFO [0m:      aggregate_evaluate: received 10 results and 0 failures
[92mINFO [0m:      
[92mINFO [0m:      [ROUND 13]
[92mINFO [0m:      configure_fit: strategy sampled 10 clients (out of 10)
[36m(ClientAppActor pid=1077558)[0m 
[36m(ClientAppActor pid=1077558)[0m         
[36m(ClientAppActor pid=1077565)[0m 
[36m(ClientAppActor pid=1077565)[0m         
[36m(ClientAppActor pid=1077578)[0m 
[36m(ClientAppActor pid=1077578)[0m         
[36m(ClientAppActor pid=1077567)[0m 
[36m(ClientAppActor pid=1077567)[0m         
[36m(ClientAppActor pid=1077569)[0m 
[36m(ClientAppActor pid=1077569)[0m         
[36m(ClientAppActor pid=1077570)[0m /home/bk489/federated_clean/cleanest_federated/fl-dermamnist-starter/metrics/evaluation.py:68: UserWarning: AUROC set to NaN because present classes are [1, 3, 4, 5, 6], expected [0, 1, 2, 3, 4, 5, 6][32m [repeated 20x across cluster][0m
[36m(ClientAppActor pid=1077570)[0m   warnings.warn(f'AUROC set to NaN because present classes are {present_classes}, expected {labels}')[32m [repeated 20x across cluster][0m
[36m(ClientAppActor pid=1077557)[0m 
[36m(ClientAppActor pid=1077557)[0m         
[36m(ClientAppActor pid=1077575)[0m 
[36m(ClientAppActor pid=1077575)[0m         
[36m(ClientAppActor pid=1077574)[0m 
[36m(ClientAppActor pid=1077574)[0m         
[36m(ClientAppActor pid=1077566)[0m 
[36m(ClientAppActor pid=1077566)[0m         
[36m(ClientAppActor pid=1077570)[0m 
[36m(ClientAppActor pid=1077570)[0m         
[36m(ClientAppActor pid=1077570)[0m [93mWARNING [0m:   DEPRECATED FEATURE: `client_fn` now expects a signature `def client_fn(context: Context)`.The provided `client_fn` has signature: {'cid': <Parameter "cid: 'str'">}. You can import the `Context` like this: `from flwr.common import Context`[32m [repeated 40x across cluster][0m
[36m(ClientAppActor pid=1077570)[0m             This is a deprecated feature. It will be removed[32m [repeated 40x across cluster][0m
[36m(ClientAppActor pid=1077570)[0m             entirely in future versions of Flower.[32m [repeated 40x across cluster][0m
[36m(ClientAppActor pid=1077565)[0m /home/bk489/federated_clean/cleanest_federated/fl-dermamnist-starter/data/download.py:27: UserWarning: The given NumPy array is not writable, and PyTorch does not support non-writable tensors. This means writing to this tensor will result in undefined behavior. You may want to copy the array to protect its data or make it writable before converting it to a tensor. This type of warning will be suppressed for the rest of this program. (Triggered internally at /pytorch/torch/csrc/utils/tensor_numpy.cpp:203.)[32m [repeated 222x across cluster][0m
[36m(ClientAppActor pid=1077565)[0m   tensor = torch.as_tensor(image)[32m [repeated 222x across cluster][0m
[92mINFO [0m:      aggregate_fit: received 10 results and 0 failures
[92mINFO [0m:      fit progress: (13, 0.8197661156906326, {'accuracy': 0.6829511465603191, 'balanced_accuracy': 0.2014952998559556, 'macro_f1': 0.1798290823845011, 'worst_class_f1': 0.0, 'worst_class_recall': 0.0, 'f1_actinic_keratoses_an': 0.40625, 'recall_actinic_keratoses_an': 0.3939393939393939, 'f1_basal_cell_carcinoma': 0.0, 'recall_basal_cell_carcinoma': 0.0, 'f1_benign_keratosis-lik': 0.0, 'recall_benign_keratosis-lik': 0.0, 'f1_dermatofibroma': 0.0, 'recall_dermatofibroma': 0.0, 'f1_melanoma': 0.034482758620689655, 'recall_melanoma': 0.018018018018018018, 'f1_melanocytic_nevi': 0.818070818070818, 'recall_melanocytic_nevi': 0.9985096870342772, 'f1_vascular_lesions': 0.0, 'recall_vascular_lesions': 0.0}, 41.81139314803295)
[92mINFO [0m:      configure_evaluate: strategy sampled 10 clients (out of 10)
[36m(ClientAppActor pid=1077574)[0m 
[36m(ClientAppActor pid=1077574)[0m         
[36m(ClientAppActor pid=1077570)[0m /home/bk489/federated_clean/.venv/lib/python3.9/site-packages/sklearn/metrics/_classification.py:2524: UserWarning: y_pred contains classes not in y_true[32m [repeated 6x across cluster][0m
[36m(ClientAppActor pid=1077570)[0m   warnings.warn("y_pred contains classes not in y_true")[32m [repeated 6x across cluster][0m
[36m(ClientAppActor pid=1077565)[0m 
[36m(ClientAppActor pid=1077565)[0m         
[36m(ClientAppActor pid=1077570)[0m 
[36m(ClientAppActor pid=1077570)[0m         
[36m(ClientAppActor pid=1077575)[0m 
[36m(ClientAppActor pid=1077575)[0m         
[36m(ClientAppActor pid=1077566)[0m 
[36m(ClientAppActor pid=1077566)[0m         
[36m(ClientAppActor pid=1077569)[0m 
[36m(ClientAppActor pid=1077569)[0m         
[36m(ClientAppActor pid=1077558)[0m 
[36m(ClientAppActor pid=1077558)[0m         
[36m(ClientAppActor pid=1077567)[0m 
[36m(ClientAppActor pid=1077567)[0m         
[36m(ClientAppActor pid=1077557)[0m 
[36m(ClientAppActor pid=1077557)[0m         
[36m(ClientAppActor pid=1077578)[0m 
[36m(ClientAppActor pid=1077578)[0m         
[92mINFO [0m:      aggregate_evaluate: received 10 results and 0 failures
[92mINFO [0m:      
[92mINFO [0m:      [ROUND 14]
[92mINFO [0m:      configure_fit: strategy sampled 10 clients (out of 10)
[36m(ClientAppActor pid=1077569)[0m 
[36m(ClientAppActor pid=1077569)[0m         
[36m(ClientAppActor pid=1077558)[0m 
[36m(ClientAppActor pid=1077558)[0m         
[36m(ClientAppActor pid=1077567)[0m 
[36m(ClientAppActor pid=1077567)[0m         
[36m(ClientAppActor pid=1077557)[0m 
[36m(ClientAppActor pid=1077557)[0m         
[36m(ClientAppActor pid=1077575)[0m 
[36m(ClientAppActor pid=1077575)[0m         
[36m(ClientAppActor pid=1077578)[0m 
[36m(ClientAppActor pid=1077578)[0m         
[36m(ClientAppActor pid=1077574)[0m 
[36m(ClientAppActor pid=1077574)[0m         
[36m(ClientAppActor pid=1077566)[0m 
[36m(ClientAppActor pid=1077566)[0m         
[36m(ClientAppActor pid=1077565)[0m 
[36m(ClientAppActor pid=1077565)[0m         
[36m(ClientAppActor pid=1077570)[0m 
[36m(ClientAppActor pid=1077570)[0m         
[92mINFO [0m:      aggregate_fit: received 10 results and 0 failures
[92mINFO [0m:      fit progress: (14, 0.8252218781653811, {'accuracy': 0.6779661016949152, 'balanced_accuracy': 0.18593428429494005, 'macro_f1': 0.16789509702895528, 'worst_class_f1': 0.0, 'worst_class_recall': 0.0, 'f1_actinic_keratoses_an': 0.36363636363636365, 'recall_actinic_keratoses_an': 0.30303030303030304, 'f1_basal_cell_carcinoma': 0.0, 'recall_basal_cell_carcinoma': 0.0, 'f1_benign_keratosis-lik': 0.0, 'recall_benign_keratosis-lik': 0.0, 'f1_dermatofibroma': 0.0, 'recall_dermatofibroma': 0.0, 'f1_melanoma': 0.0, 'recall_melanoma': 0.0, 'f1_melanocytic_nevi': 0.8116293155663235, 'recall_melanocytic_nevi': 0.9985096870342772, 'f1_vascular_lesions': 0.0, 'recall_vascular_lesions': 0.0}, 44.5906376990024)
[92mINFO [0m:      configure_evaluate: strategy sampled 10 clients (out of 10)
[36m(ClientAppActor pid=1077569)[0m 
[36m(ClientAppActor pid=1077569)[0m         
[36m(ClientAppActor pid=1077557)[0m /home/bk489/federated_clean/cleanest_federated/fl-dermamnist-starter/metrics/evaluation.py:68: UserWarning: AUROC set to NaN because present classes are [0, 3, 5], expected [0, 1, 2, 3, 4, 5, 6][32m [repeated 10x across cluster][0m
[36m(ClientAppActor pid=1077557)[0m   warnings.warn(f'AUROC set to NaN because present classes are {present_classes}, expected {labels}')[32m [repeated 10x across cluster][0m
[36m(ClientAppActor pid=1077558)[0m 
[36m(ClientAppActor pid=1077558)[0m         
[36m(ClientAppActor pid=1077567)[0m 
[36m(ClientAppActor pid=1077567)[0m         
[36m(ClientAppActor pid=1077557)[0m 
[36m(ClientAppActor pid=1077557)[0m         
[36m(ClientAppActor pid=1077575)[0m 
[36m(ClientAppActor pid=1077575)[0m         
[36m(ClientAppActor pid=1077578)[0m 
[36m(ClientAppActor pid=1077578)[0m         
[36m(ClientAppActor pid=1077574)[0m 
[36m(ClientAppActor pid=1077574)[0m         
[36m(ClientAppActor pid=1077566)[0m 
[36m(ClientAppActor pid=1077566)[0m         
[36m(ClientAppActor pid=1077565)[0m 
[36m(ClientAppActor pid=1077565)[0m         
[36m(ClientAppActor pid=1077570)[0m 
[36m(ClientAppActor pid=1077570)[0m         
[92mINFO [0m:      aggregate_evaluate: received 10 results and 0 failures
[92mINFO [0m:      
[92mINFO [0m:      [ROUND 15]
[92mINFO [0m:      configure_fit: strategy sampled 10 clients (out of 10)
[36m(ClientAppActor pid=1077569)[0m 
[36m(ClientAppActor pid=1077569)[0m         
[36m(ClientAppActor pid=1077575)[0m 
[36m(ClientAppActor pid=1077575)[0m         
[36m(ClientAppActor pid=1077566)[0m 
[36m(ClientAppActor pid=1077566)[0m         
[36m(ClientAppActor pid=1077565)[0m 
[36m(ClientAppActor pid=1077565)[0m         
[36m(ClientAppActor pid=1077558)[0m 
[36m(ClientAppActor pid=1077558)[0m         
[36m(ClientAppActor pid=1077557)[0m 
[36m(ClientAppActor pid=1077557)[0m         
[36m(ClientAppActor pid=1077567)[0m 
[36m(ClientAppActor pid=1077567)[0m         
[36m(ClientAppActor pid=1077578)[0m 
[36m(ClientAppActor pid=1077578)[0m         
[36m(ClientAppActor pid=1077570)[0m 
[36m(ClientAppActor pid=1077570)[0m         
[36m(ClientAppActor pid=1077574)[0m 
[36m(ClientAppActor pid=1077574)[0m         
[36m(ClientAppActor pid=1077574)[0m [93mWARNING [0m:   DEPRECATED FEATURE: `client_fn` now expects a signature `def client_fn(context: Context)`.The provided `client_fn` has signature: {'cid': <Parameter "cid: 'str'">}. You can import the `Context` like this: `from flwr.common import Context`[32m [repeated 40x across cluster][0m
[36m(ClientAppActor pid=1077574)[0m             This is a deprecated feature. It will be removed[32m [repeated 40x across cluster][0m
[36m(ClientAppActor pid=1077574)[0m             entirely in future versions of Flower.[32m [repeated 40x across cluster][0m
[36m(ClientAppActor pid=1077569)[0m /home/bk489/federated_clean/cleanest_federated/fl-dermamnist-starter/data/download.py:27: UserWarning: The given NumPy array is not writable, and PyTorch does not support non-writable tensors. This means writing to this tensor will result in undefined behavior. You may want to copy the array to protect its data or make it writable before converting it to a tensor. This type of warning will be suppressed for the rest of this program. (Triggered internally at /pytorch/torch/csrc/utils/tensor_numpy.cpp:203.)[32m [repeated 218x across cluster][0m
[36m(ClientAppActor pid=1077569)[0m   tensor = torch.as_tensor(image)[32m [repeated 218x across cluster][0m
[36m(ClientAppActor pid=1077565)[0m /home/bk489/federated_clean/.venv/lib/python3.9/site-packages/sklearn/metrics/_classification.py:2524: UserWarning: y_pred contains classes not in y_true[32m [repeated 8x across cluster][0m
[36m(ClientAppActor pid=1077565)[0m   warnings.warn("y_pred contains classes not in y_true")[32m [repeated 8x across cluster][0m
[92mINFO [0m:      aggregate_fit: received 10 results and 0 failures
[92mINFO [0m:      fit progress: (15, 0.8257415370712965, {'accuracy': 0.6759720837487537, 'balanced_accuracy': 0.17423427259492835, 'macro_f1': 0.1582430077612411, 'worst_class_f1': 0.0, 'worst_class_recall': 0.0, 'f1_actinic_keratoses_an': 0.28, 'recall_actinic_keratoses_an': 0.21212121212121213, 'f1_basal_cell_carcinoma': 0.0, 'recall_basal_cell_carcinoma': 0.0, 'f1_benign_keratosis-lik': 0.0, 'recall_benign_keratosis-lik': 0.0, 'f1_dermatofibroma': 0.0, 'recall_dermatofibroma': 0.0, 'f1_melanoma': 0.017543859649122806, 'recall_melanoma': 0.009009009009009009, 'f1_melanocytic_nevi': 0.8101571946795647, 'recall_melanocytic_nevi': 0.9985096870342772, 'f1_vascular_lesions': 0.0, 'recall_vascular_lesions': 0.0}, 47.31303843099158)
[92mINFO [0m:      configure_evaluate: strategy sampled 10 clients (out of 10)
[36m(ClientAppActor pid=1077569)[0m 
[36m(ClientAppActor pid=1077569)[0m         
[36m(ClientAppActor pid=1077567)[0m 
[36m(ClientAppActor pid=1077567)[0m         
[36m(ClientAppActor pid=1077575)[0m 
[36m(ClientAppActor pid=1077575)[0m         
[36m(ClientAppActor pid=1077574)[0m 
[36m(ClientAppActor pid=1077574)[0m         
[36m(ClientAppActor pid=1077566)[0m 
[36m(ClientAppActor pid=1077566)[0m         
[36m(ClientAppActor pid=1077565)[0m 
[36m(ClientAppActor pid=1077565)[0m         
[36m(ClientAppActor pid=1077557)[0m 
[36m(ClientAppActor pid=1077557)[0m         
[36m(ClientAppActor pid=1077578)[0m 
[36m(ClientAppActor pid=1077578)[0m         
[36m(ClientAppActor pid=1077570)[0m 
[36m(ClientAppActor pid=1077570)[0m         
[36m(ClientAppActor pid=1077558)[0m 
[36m(ClientAppActor pid=1077558)[0m         
[92mINFO [0m:      aggregate_evaluate: received 10 results and 0 failures
[92mINFO [0m:      
[92mINFO [0m:      [ROUND 16]
[92mINFO [0m:      configure_fit: strategy sampled 10 clients (out of 10)
[36m(ClientAppActor pid=1077558)[0m 
[36m(ClientAppActor pid=1077558)[0m         
[36m(ClientAppActor pid=1077578)[0m 
[36m(ClientAppActor pid=1077578)[0m         
[36m(ClientAppActor pid=1077570)[0m 
[36m(ClientAppActor pid=1077570)[0m         
[36m(ClientAppActor pid=1077557)[0m 
[36m(ClientAppActor pid=1077557)[0m         
[36m(ClientAppActor pid=1077574)[0m 
[36m(ClientAppActor pid=1077574)[0m         
[36m(ClientAppActor pid=1077565)[0m 
[36m(ClientAppActor pid=1077565)[0m         
[36m(ClientAppActor pid=1077569)[0m 
[36m(ClientAppActor pid=1077569)[0m         
[36m(ClientAppActor pid=1077567)[0m 
[36m(ClientAppActor pid=1077567)[0m         
[36m(ClientAppActor pid=1077575)[0m 
[36m(ClientAppActor pid=1077575)[0m         
[36m(ClientAppActor pid=1077566)[0m 
[36m(ClientAppActor pid=1077566)[0m         
[36m(ClientAppActor pid=1077570)[0m /home/bk489/federated_clean/cleanest_federated/fl-dermamnist-starter/metrics/evaluation.py:68: UserWarning: AUROC set to NaN because present classes are [0, 1, 3, 4, 5], expected [0, 1, 2, 3, 4, 5, 6][32m [repeated 20x across cluster][0m
[36m(ClientAppActor pid=1077570)[0m   warnings.warn(f'AUROC set to NaN because present classes are {present_classes}, expected {labels}')[32m [repeated 20x across cluster][0m
[92mINFO [0m:      aggregate_fit: received 10 results and 0 failures
[92mINFO [0m:      fit progress: (16, 0.8236073407076173, {'accuracy': 0.6819541375872383, 'balanced_accuracy': 0.19717799553865129, 'macro_f1': 0.17873473306730828, 'worst_class_f1': 0.0, 'worst_class_recall': 0.0, 'f1_actinic_keratoses_an': 0.4, 'recall_actinic_keratoses_an': 0.36363636363636365, 'f1_basal_cell_carcinoma': 0.0, 'recall_basal_cell_carcinoma': 0.0, 'f1_benign_keratosis-lik': 0.018018018018018018, 'recall_benign_keratosis-lik': 0.00909090909090909, 'f1_dermatofibroma': 0.0, 'recall_dermatofibroma': 0.0, 'f1_melanoma': 0.017543859649122806, 'recall_melanoma': 0.009009009009009009, 'f1_melanocytic_nevi': 0.815581253804017, 'recall_melanocytic_nevi': 0.9985096870342772, 'f1_vascular_lesions': 0.0, 'recall_vascular_lesions': 0.0}, 50.02541734202532)
[92mINFO [0m:      configure_evaluate: strategy sampled 10 clients (out of 10)
[36m(ClientAppActor pid=1077569)[0m 
[36m(ClientAppActor pid=1077569)[0m         
[36m(ClientAppActor pid=1077558)[0m 
[36m(ClientAppActor pid=1077558)[0m         
[36m(ClientAppActor pid=1077567)[0m 
[36m(ClientAppActor pid=1077567)[0m         
[36m(ClientAppActor pid=1077557)[0m 
[36m(ClientAppActor pid=1077557)[0m         
[36m(ClientAppActor pid=1077575)[0m 
[36m(ClientAppActor pid=1077575)[0m         
[36m(ClientAppActor pid=1077578)[0m 
[36m(ClientAppActor pid=1077578)[0m         
[36m(ClientAppActor pid=1077574)[0m 
[36m(ClientAppActor pid=1077574)[0m         
[36m(ClientAppActor pid=1077566)[0m 
[36m(ClientAppActor pid=1077566)[0m         
[36m(ClientAppActor pid=1077565)[0m 
[36m(ClientAppActor pid=1077565)[0m         
[36m(ClientAppActor pid=1077570)[0m 
[36m(ClientAppActor pid=1077570)[0m         
[92mINFO [0m:      aggregate_evaluate: received 10 results and 0 failures
[92mINFO [0m:      
[92mINFO [0m:      [ROUND 17]
[92mINFO [0m:      configure_fit: strategy sampled 10 clients (out of 10)
[36m(ClientAppActor pid=1077569)[0m 
[36m(ClientAppActor pid=1077569)[0m         
[36m(ClientAppActor pid=1077558)[0m 
[36m(ClientAppActor pid=1077558)[0m         
[36m(ClientAppActor pid=1077557)[0m 
[36m(ClientAppActor pid=1077557)[0m         
[36m(ClientAppActor pid=1077575)[0m 
[36m(ClientAppActor pid=1077575)[0m         
[36m(ClientAppActor pid=1077578)[0m 
[36m(ClientAppActor pid=1077578)[0m         
[36m(ClientAppActor pid=1077574)[0m 
[36m(ClientAppActor pid=1077574)[0m         
[36m(ClientAppActor pid=1077566)[0m 
[36m(ClientAppActor pid=1077566)[0m         
[36m(ClientAppActor pid=1077565)[0m 
[36m(ClientAppActor pid=1077565)[0m         
[36m(ClientAppActor pid=1077570)[0m 
[36m(ClientAppActor pid=1077570)[0m         
[36m(ClientAppActor pid=1077567)[0m 
[36m(ClientAppActor pid=1077567)[0m         
[36m(ClientAppActor pid=1077567)[0m [93mWARNING [0m:   DEPRECATED FEATURE: `client_fn` now expects a signature `def client_fn(context: Context)`.The provided `client_fn` has signature: {'cid': <Parameter "cid: 'str'">}. You can import the `Context` like this: `from flwr.common import Context`[32m [repeated 40x across cluster][0m
[36m(ClientAppActor pid=1077567)[0m             This is a deprecated feature. It will be removed[32m [repeated 40x across cluster][0m
[36m(ClientAppActor pid=1077567)[0m             entirely in future versions of Flower.[32m [repeated 40x across cluster][0m
[36m(ClientAppActor pid=1077557)[0m /home/bk489/federated_clean/cleanest_federated/fl-dermamnist-starter/data/download.py:27: UserWarning: The given NumPy array is not writable, and PyTorch does not support non-writable tensors. This means writing to this tensor will result in undefined behavior. You may want to copy the array to protect its data or make it writable before converting it to a tensor. This type of warning will be suppressed for the rest of this program. (Triggered internally at /pytorch/torch/csrc/utils/tensor_numpy.cpp:203.)[32m [repeated 218x across cluster][0m
[36m(ClientAppActor pid=1077557)[0m   tensor = torch.as_tensor(image)[32m [repeated 218x across cluster][0m
[36m(ClientAppActor pid=1077575)[0m /home/bk489/federated_clean/.venv/lib/python3.9/site-packages/sklearn/metrics/_classification.py:2524: UserWarning: y_pred contains classes not in y_true[32m [repeated 8x across cluster][0m
[36m(ClientAppActor pid=1077575)[0m   warnings.warn("y_pred contains classes not in y_true")[32m [repeated 8x across cluster][0m
[92mINFO [0m:      aggregate_fit: received 10 results and 0 failures
