=== Experiment config ===
dataset:
  name: dermamnist
  size: 64
  source: npz
  npz_path: ../dermamnist_64.npz
model:
  name: simple_cnn
  in_channels: 3
  num_classes: 7
  pretrained: false
federation:
  num_clients: 10
  num_rounds: 100
  local_epochs: 5
  fraction_fit: 1.0
  fraction_evaluate: 1.0
training:
  lr: 0.01
  momentum: 0.9
  batch_size: 64
  weight_decay: 0.0
loss:
  type: weighted_ce
  focal_gamma: 2.0
  weight_strategy: local_inverse
augmentation:
  use_weighted_sampler: false
client_objective:
  proximal_mu: 0.0
partition:
  strategy: dirichlet
  alpha: 0.5
  classes_per_client: 2
  quantity_alpha: 0.5
misc:
  seed: 456
  device: cuda
  save_dir: results
  resolved_save_dir: results/fedavg_dir05_weighted_E5_s456
_config_stem: fedavg_dir05_weighted


=== Completed ===
Experiment: fedavg_dir05_weighted_E5_s456
Global: bACC=0.5474 | Macro F1=0.4722 | Worst F1=0.1481 | Melanoma Recall=0.4574
Clients: Avg bACC=0.5969 | Worst bACC=0.4218 | Gap=0.3829
Completed in 4.45 minutes
Job completed: config=configs/mitigation/fedavg_dir05_weighted.yaml seed=456
